[debug] [2022-12-15T16:35:15.858Z] ----------------------------------------------------------------------
[debug] [2022-12-15T16:35:15.862Z] Command:       C:\Program Files\nodejs\node.exe C:\Users\daffa\AppData\Roaming\npm\node_modules\firebase-tools\lib\bin\firebase.js init
[debug] [2022-12-15T16:35:15.863Z] CLI Version:   11.18.0
[debug] [2022-12-15T16:35:15.863Z] Platform:      win32
[debug] [2022-12-15T16:35:15.863Z] Node Version:  v16.13.2
[debug] [2022-12-15T16:35:15.865Z] Time:          Thu Dec 15 2022 23:35:15 GMT+0700 (Western Indonesia Time)
[debug] [2022-12-15T16:35:15.865Z] ----------------------------------------------------------------------
[debug] 
[debug] [2022-12-15T16:35:15.985Z] > command requires scopes: ["email","openid","https://www.googleapis.com/auth/cloudplatformprojects.readonly","https://www.googleapis.com/auth/firebase","https://www.googleapis.com/auth/cloud-platform"]
[debug] [2022-12-15T16:35:15.986Z] > authorizing via signed-in user (harizal.daffa46@gmail.com)
[info] 
     ######## #### ########  ######## ########     ###     ######  ########
     ##        ##  ##     ## ##       ##     ##  ##   ##  ##       ##
     ######    ##  ########  ######   ########  #########  ######  ######
     ##        ##  ##    ##  ##       ##     ## ##     ##       ## ##
     ##       #### ##     ## ######## ########  ##     ##  ######  ########

You're about to initialize a Firebase project in this directory:

  D:\coding\belajar-react\small-react-project

Before we get started, keep in mind:

  * You are initializing within an existing Firebase project directory

